app/build/intermediates/manifest_merge_blame_file/debug/manifest-merger-blame-debug-report.txt
1<?xml version="1.0" encoding="utf-8"?>
2<manifest xmlns:android="http://schemas.android.com/apk/res/android"
3    package="com.androidApp.virusGame"
4    android:versionCode="1"
5    android:versionName="1.0" >
6
7    <uses-sdk
8        android:minSdkVersion="16"
8-->src/main/AndroidManifest.xml
9        android:targetSdkVersion="30" />
9-->src/main/AndroidManifest.xml
10
11    <uses-permission android:name="android.permission.ACCESS_FINE_LOCATION" />
11-->src/main/AndroidManifest.xml:5:5-79
11-->src/main/AndroidManifest.xml:5:22-76
12    <uses-permission android:name="android.permission.ACCESS_COARSE_LOCATION" />
12-->src/main/AndroidManifest.xml:6:5-81
12-->src/main/AndroidManifest.xml:6:22-78
13    <uses-permission android:name="android.permission.ACCESS_NETWORK_STATE" />
13-->src/main/AndroidManifest.xml:7:5-79
13-->src/main/AndroidManifest.xml:7:22-76
14    <uses-permission android:name="android.permission.INTERNET" />
14-->src/main/AndroidManifest.xml:8:5-67
14-->src/main/AndroidManifest.xml:8:22-64
15
16    <uses-feature
16-->[com.google.android.gms:play-services-maps:17.0.0] AndroidManifest.xml:26:5-28:35
17        android:glEsVersion="0x00020000"
17-->[com.google.android.gms:play-services-maps:17.0.0] AndroidManifest.xml:27:9-41
18        android:required="true" />
18-->[com.google.android.gms:play-services-maps:17.0.0] AndroidManifest.xml:28:9-32
19
20    <application
20-->src/main/AndroidManifest.xml:10:5-43:19
21        android:allowBackup="true"
21-->src/main/AndroidManifest.xml:11:9-35
22        android:appComponentFactory="androidx.core.app.CoreComponentFactory"
22-->[androidx.core:core:1.3.1] AndroidManifest.xml:24:18-86
23        android:debuggable="true"
24        android:icon="@mipmap/ic_launcher"
24-->src/main/AndroidManifest.xml:12:9-43
25        android:label="@string/app_name"
25-->src/main/AndroidManifest.xml:13:9-41
26        android:roundIcon="@mipmap/ic_launcher_round"
26-->src/main/AndroidManifest.xml:14:9-54
27        android:supportsRtl="true"
27-->src/main/AndroidManifest.xml:15:9-35
28        android:theme="@style/AppTheme" >
28-->src/main/AndroidManifest.xml:16:9-40
29        <activity android:name="com.androidApp.virusGame.UI.SettingsActivity" />
29-->src/main/AndroidManifest.xml:17:9-66
29-->src/main/AndroidManifest.xml:17:19-54
30        <activity android:name="com.androidApp.virusGame.UI.LoseActivity" />
30-->src/main/AndroidManifest.xml:18:9-53
30-->src/main/AndroidManifest.xml:18:19-50
31        <activity android:name="com.androidApp.virusGame.UI.WinActivity" />
31-->src/main/AndroidManifest.xml:19:9-52
31-->src/main/AndroidManifest.xml:19:19-49
32        <activity android:name="com.androidApp.virusGame.UI.WebActivity" />
32-->src/main/AndroidManifest.xml:20:9-52
32-->src/main/AndroidManifest.xml:20:19-49
33        <activity android:name="com.androidApp.virusGame.UI.ProfileActivity" />
33-->src/main/AndroidManifest.xml:21:9-56
33-->src/main/AndroidManifest.xml:21:19-53
34        <activity android:name="com.androidApp.virusGame.UI.HomeActivity" />
34-->src/main/AndroidManifest.xml:22:9-53
34-->src/main/AndroidManifest.xml:22:19-50
35
36        <meta-data
36-->src/main/AndroidManifest.xml:24:9-26:47
37            android:name="com.google.android.geo.API_KEY"
37-->src/main/AndroidManifest.xml:25:13-58
38            android:value="@string/map_key" />
38-->src/main/AndroidManifest.xml:26:13-44
39
40        <activity android:name="com.androidApp.virusGame.UI.ChangePasswordActivity" />
40-->src/main/AndroidManifest.xml:28:9-63
40-->src/main/AndroidManifest.xml:28:19-60
41        <activity android:name="com.androidApp.virusGame.UI.LoginActivity" />
41-->src/main/AndroidManifest.xml:29:9-54
41-->src/main/AndroidManifest.xml:29:19-51
42        <activity android:name="com.androidApp.virusGame.UI.MaskCheckActivity" />
42-->src/main/AndroidManifest.xml:30:9-58
42-->src/main/AndroidManifest.xml:30:19-55
43        <activity android:name="com.androidApp.virusGame.UI.PlayerAccountActivity" />
43-->src/main/AndroidManifest.xml:31:9-62
43-->src/main/AndroidManifest.xml:31:19-59
44        <activity android:name="com.androidApp.virusGame.UI.MapActivity" />
44-->src/main/AndroidManifest.xml:32:9-52
44-->src/main/AndroidManifest.xml:32:19-49
45        <activity
45-->src/main/AndroidManifest.xml:33:9-35:15
46            android:name="com.androidApp.virusGame.UI.GameActivity"
46-->src/main/AndroidManifest.xml:33:19-50
47            android:configChanges="orientation|screenSize" />
47-->src/main/AndroidManifest.xml:34:13-59
48        <activity android:name="com.androidApp.virusGame.UI.HomeScreenActivity" >
48-->src/main/AndroidManifest.xml:36:9-42:20
48-->src/main/AndroidManifest.xml:36:19-56
49            <intent-filter>
49-->src/main/AndroidManifest.xml:37:13-41:29
50                <action android:name="android.intent.action.MAIN" />
50-->src/main/AndroidManifest.xml:38:17-69
50-->src/main/AndroidManifest.xml:38:25-66
51
52                <category android:name="android.intent.category.LAUNCHER" />
52-->src/main/AndroidManifest.xml:40:17-77
52-->src/main/AndroidManifest.xml:40:27-74
53            </intent-filter>
54        </activity>
55        <!-- Needs to be explicitly declared on P+ -->
56        <uses-library
56-->[com.google.android.gms:play-services-maps:17.0.0] AndroidManifest.xml:33:9-35:40
57            android:name="org.apache.http.legacy"
57-->[com.google.android.gms:play-services-maps:17.0.0] AndroidManifest.xml:34:13-50
58            android:required="false" />
58-->[com.google.android.gms:play-services-maps:17.0.0] AndroidManifest.xml:35:13-37
59
60        <activity
60-->[com.google.android.gms:play-services-base:17.0.0] AndroidManifest.xml:23:9-26:75
61            android:name="com.google.android.gms.common.api.GoogleApiActivity"
61-->[com.google.android.gms:play-services-base:17.0.0] AndroidManifest.xml:24:13-79
62            android:exported="false"
62-->[com.google.android.gms:play-services-base:17.0.0] AndroidManifest.xml:25:13-37
63            android:theme="@android:style/Theme.Translucent.NoTitleBar" />
63-->[com.google.android.gms:play-services-base:17.0.0] AndroidManifest.xml:26:13-72
64
65        <meta-data
65-->[com.google.android.gms:play-services-basement:17.0.0] AndroidManifest.xml:23:9-25:69
66            android:name="com.google.android.gms.version"
66-->[com.google.android.gms:play-services-basement:17.0.0] AndroidManifest.xml:24:13-58
67            android:value="@integer/google_play_services_version" />
67-->[com.google.android.gms:play-services-basement:17.0.0] AndroidManifest.xml:25:13-66
68
69        <provider
69-->[androidx.lifecycle:lifecycle-process:2.1.0] AndroidManifest.xml:23:9-27:43
70            android:name="androidx.lifecycle.ProcessLifecycleOwnerInitializer"
70-->[androidx.lifecycle:lifecycle-process:2.1.0] AndroidManifest.xml:24:13-79
71            android:authorities="com.androidApp.virusGame.lifecycle-process"
71-->[androidx.lifecycle:lifecycle-process:2.1.0] AndroidManifest.xml:25:13-69
72            android:exported="false"
72-->[androidx.lifecycle:lifecycle-process:2.1.0] AndroidManifest.xml:26:13-37
73            android:multiprocess="true" />
73-->[androidx.lifecycle:lifecycle-process:2.1.0] AndroidManifest.xml:27:13-40
74    </application>
75
76</manifest>